# JRE version: OpenJDK Runtime Environment Microsoft-8035246 (17.0.8+7) (build 17.0.8+7-LTS)
# Java VM: OpenJDK 64-Bit Server VM Microsoft-8035246 (17.0.8+7-LTS, mixed mode, sharing, tiered, compressed oops, compressed class ptrs, g1 gc, windows-amd64)
GC Precious Log:
 CPUs: 4 total, 4 available
 Memory: 7861M
 Large Page Support: Disabled
 NUMA Support: Disabled
 Compressed Oops: Enabled (Zero based)
 Heap Region Size: 4M
 Heap Min Capacity: 8M
 Heap Initial Capacity: 124M
 Heap Max Capacity: 4608M
 Pre-touch: Disabled
 Parallel Workers: 4
 Concurrent Workers: 1
 Concurrent Refinement Workers: 4
 Periodic GC: Disabled
Heap:
 garbage-first heap   total 385024K, used 196087K [0x00000006e0000000, 0x0000000800000000)
  region size 4096K, 4 young (16384K), 3 survivors (12288K)
 Metaspace       used 106755K, committed 107904K, reserved 1179648K
  class space    used 14734K, committed 15296K, reserved 1048576K
GC Heap History (20 events):
Event: 78.973 GC heap before
{Heap before GC invocations=41 (full 0):
 garbage-first heap   total 221184K, used 168776K [0x00000006e0000000, 0x0000000800000000)
  region size 4096K, 15 young (61440K), 3 survivors (12288K)
 Metaspace       used 92458K, committed 93440K, reserved 1179648K
  class space    used 12969K, committed 13376K, reserved 1048576K
}
Event: 78.992 GC heap after
{Heap after GC invocations=42 (full 0):
 garbage-first heap   total 221184K, used 125324K [0x00000006e0000000, 0x0000000800000000)
  region size 4096K, 2 young (8192K), 2 survivors (8192K)
 Metaspace       used 92458K, committed 93440K, reserved 1179648K
  class space    used 12969K, committed 13376K, reserved 1048576K
}
Event: 79.689 GC heap before
{Heap before GC invocations=42 (full 0):
 garbage-first heap   total 221184K, used 170380K [0x00000006e0000000, 0x0000000800000000)
  region size 4096K, 13 young (53248K), 2 survivors (8192K)
 Metaspace       used 94770K, committed 95744K, reserved 1179648K
  class space    used 13320K, committed 13760K, reserved 1048576K
}
Event: 79.702 GC heap after
{Heap after GC invocations=43 (full 0):
 garbage-first heap   total 221184K, used 127119K [0x00000006e0000000, 0x0000000800000000)
  region size 4096K, 2 young (8192K), 2 survivors (8192K)
 Metaspace       used 94770K, committed 95744K, reserved 1179648K
  class space    used 13320K, committed 13760K, reserved 1048576K
}
Event: 80.416 GC heap before
{Heap before GC invocations=43 (full 0):
 garbage-first heap   total 221184K, used 172175K [0x00000006e0000000, 0x0000000800000000)
  region size 4096K, 13 young (53248K), 2 survivors (8192K)
 Metaspace       used 96486K, committed 97536K, reserved 1179648K
  class space    used 13540K, committed 14016K, reserved 1048576K
}
Event: 80.433 GC heap after
{Heap after GC invocations=44 (full 0):
 garbage-first heap   total 266240K, used 131424K [0x00000006e0000000, 0x0000000800000000)
  region size 4096K, 2 young (8192K), 2 survivors (8192K)
 Metaspace       used 96486K, committed 97536K, reserved 1179648K
  class space    used 13540K, committed 14016K, reserved 1048576K
}
Event: 81.449 GC heap before
{Heap before GC invocations=44 (full 0):
 garbage-first heap   total 266240K, used 209248K [0x00000006e0000000, 0x0000000800000000)
  region size 4096K, 21 young (86016K), 2 survivors (8192K)
 Metaspace       used 96805K, committed 97792K, reserved 1179648K
  class space    used 13572K, committed 14016K, reserved 1048576K
}
Event: 81.476 GC heap after
{Heap after GC invocations=45 (full 0):
 garbage-first heap   total 266240K, used 144642K [0x00000006e0000000, 0x0000000800000000)
  region size 4096K, 3 young (12288K), 3 survivors (12288K)
 Metaspace       used 96805K, committed 97792K, reserved 1179648K
  class space    used 13572K, committed 14016K, reserved 1048576K
}
Event: 82.616 GC heap before
{Heap before GC invocations=45 (full 0):
 garbage-first heap   total 266240K, used 210178K [0x00000006e0000000, 0x0000000800000000)
  region size 4096K, 19 young (77824K), 3 survivors (12288K)
 Metaspace       used 97591K, committed 98624K, reserved 1179648K
  class space    used 13660K, committed 14144K, reserved 1048576K
}
Event: 82.645 GC heap after
{Heap after GC invocations=46 (full 0):
 garbage-first heap   total 266240K, used 158157K [0x00000006e0000000, 0x0000000800000000)
  region size 4096K, 3 young (12288K), 3 survivors (12288K)
 Metaspace       used 97591K, committed 98624K, reserved 1179648K
  class space    used 13660K, committed 14144K, reserved 1048576K
}
Event: 83.801 GC heap before
{Heap before GC invocations=46 (full 0):
 garbage-first heap   total 266240K, used 211405K [0x00000006e0000000, 0x0000000800000000)
  region size 4096K, 16 young (65536K), 3 survivors (12288K)
 Metaspace       used 102236K, committed 103296K, reserved 1179648K
  class space    used 14307K, committed 14784K, reserved 1048576K
}
Event: 83.820 GC heap after
{Heap after GC invocations=47 (full 0):
 garbage-first heap   total 266240K, used 163633K [0x00000006e0000000, 0x0000000800000000)
  region size 4096K, 2 young (8192K), 2 survivors (8192K)
 Metaspace       used 102236K, committed 103296K, reserved 1179648K
  class space    used 14307K, committed 14784K, reserved 1048576K
}
Event: 84.816 GC heap before
{Heap before GC invocations=47 (full 0):
 garbage-first heap   total 266240K, used 212785K [0x00000006e0000000, 0x0000000800000000)
  region size 4096K, 14 young (57344K), 2 survivors (8192K)
 Metaspace       used 103050K, committed 104192K, reserved 1179648K
  class space    used 14377K, committed 14912K, reserved 1048576K
}
Event: 84.842 GC heap after
{Heap after GC invocations=48 (full 0):
 garbage-first heap   total 319488K, used 170037K [0x00000006e0000000, 0x0000000800000000)
  region size 4096K, 2 young (8192K), 2 survivors (8192K)
 Metaspace       used 103050K, committed 104192K, reserved 1179648K
  class space    used 14377K, committed 14912K, reserved 1048576K
}
Event: 86.840 GC heap before
{Heap before GC invocations=48 (full 0):
 garbage-first heap   total 319488K, used 247861K [0x00000006e0000000, 0x0000000800000000)
  region size 4096K, 22 young (90112K), 2 survivors (8192K)
 Metaspace       used 105591K, committed 106688K, reserved 1179648K
  class space    used 14623K, committed 15104K, reserved 1048576K
}
Event: 86.864 GC heap after
{Heap after GC invocations=49 (full 0):
 garbage-first heap   total 319488K, used 179315K [0x00000006e0000000, 0x0000000800000000)
  region size 4096K, 3 young (12288K), 3 survivors (12288K)
 Metaspace       used 105591K, committed 106688K, reserved 1179648K
  class space    used 14623K, committed 15104K, reserved 1048576K
}
Event: 88.263 GC heap before
{Heap before GC invocations=49 (full 0):
 garbage-first heap   total 319488K, used 257139K [0x00000006e0000000, 0x0000000800000000)
  region size 4096K, 22 young (90112K), 3 survivors (12288K)
 Metaspace       used 106551K, committed 107648K, reserved 1179648K
  class space    used 14722K, committed 15232K, reserved 1048576K
}
Event: 88.289 GC heap after
{Heap after GC invocations=50 (full 0):
 garbage-first heap   total 319488K, used 185786K [0x00000006e0000000, 0x0000000800000000)
  region size 4096K, 2 young (8192K), 2 survivors (8192K)
 Metaspace       used 106551K, committed 107648K, reserved 1179648K
  class space    used 14722K, committed 15232K, reserved 1048576K
}
Event: 89.215 GC heap before
{Heap before GC invocations=50 (full 0):
 garbage-first heap   total 319488K, used 255418K [0x00000006e0000000, 0x0000000800000000)
  region size 4096K, 20 young (81920K), 2 survivors (8192K)
 Metaspace       used 106590K, committed 107712K, reserved 1179648K
  class space    used 14722K, committed 15232K, reserved 1048576K
}
Event: 89.229 GC heap after
{Heap after GC invocations=51 (full 0):
 garbage-first heap   total 319488K, used 190417K [0x00000006e0000000, 0x0000000800000000)
  region size 4096K, 3 young (12288K), 3 survivors (12288K)
 Metaspace       used 106590K, committed 107712K, reserved 1179648K
  class space    used 14722K, committed 15232K, reserved 1048576K
}

